{"E:\\Relevel\\ECOM\\app.js": {"path":"E:\\Relevel\\ECOM\\app.js","statementMap":{"0":{"start":{"line":1,"column":14},"end":{"line":1,"column":32}},"1":{"start":{"line":2,"column":17},"end":{"line":2,"column":39}},"2":{"start":{"line":3,"column":13},"end":{"line":3,"column":38}},"3":{"start":{"line":4,"column":21},"end":{"line":4,"column":58}},"4":{"start":{"line":6,"column":11},"end":{"line":6,"column":29}},"5":{"start":{"line":7,"column":19},"end":{"line":7,"column":28}},"6":{"start":{"line":8,"column":0},"end":{"line":8,"column":34}},"7":{"start":{"line":9,"column":0},"end":{"line":9,"column":23}},"8":{"start":{"line":10,"column":0},"end":{"line":10,"column":29}},"9":{"start":{"line":12,"column":0},"end":{"line":12,"column":32}},"10":{"start":{"line":14,"column":0},"end":{"line":16,"column":3}},"11":{"start":{"line":15,"column":4},"end":{"line":15,"column":11}},"12":{"start":{"line":18,"column":11},"end":{"line":22,"column":1}},"13":{"start":{"line":19,"column":2},"end":{"line":19,"column":44}},"14":{"start":{"line":20,"column":2},"end":{"line":20,"column":21}},"15":{"start":{"line":21,"column":2},"end":{"line":21,"column":16}},"16":{"start":{"line":24,"column":23},"end":{"line":39,"column":1}},"17":{"start":{"line":25,"column":2},"end":{"line":38,"column":5}},"18":{"start":{"line":41,"column":18},"end":{"line":54,"column":1}},"19":{"start":{"line":42,"column":2},"end":{"line":52,"column":5}},"20":{"start":{"line":53,"column":2},"end":{"line":53,"column":29}},"21":{"start":{"line":56,"column":0},"end":{"line":56,"column":28}}},"fnMap":{"0":{"name":"(anonymous_0)","decl":{"start":{"line":14,"column":41},"end":{"line":14,"column":42}},"loc":{"start":{"line":14,"column":47},"end":{"line":16,"column":1}},"line":14},"1":{"name":"(anonymous_1)","decl":{"start":{"line":18,"column":11},"end":{"line":18,"column":12}},"loc":{"start":{"line":18,"column":23},"end":{"line":22,"column":1}},"line":18},"2":{"name":"(anonymous_2)","decl":{"start":{"line":24,"column":23},"end":{"line":24,"column":24}},"loc":{"start":{"line":24,"column":35},"end":{"line":39,"column":1}},"line":24},"3":{"name":"(anonymous_3)","decl":{"start":{"line":41,"column":18},"end":{"line":41,"column":19}},"loc":{"start":{"line":41,"column":30},"end":{"line":54,"column":1}},"line":41}},"branchMap":{},"s":{"0":1,"1":1,"2":1,"3":1,"4":1,"5":1,"6":1,"7":1,"8":1,"9":1,"10":1,"11":0,"12":1,"13":0,"14":0,"15":0,"16":1,"17":0,"18":1,"19":0,"20":0,"21":1},"f":{"0":0,"1":0,"2":0,"3":0},"b":{},"_coverageSchema":"1a1c01bbd47fc00a2c39e90264f33305004495a9","hash":"a91e48fc020bc311706a73ce49cfdcf2765ae542"}
,"E:\\Relevel\\ECOM\\config\\auth.config.js": {"path":"E:\\Relevel\\ECOM\\config\\auth.config.js","statementMap":{"0":{"start":{"line":1,"column":16},"end":{"line":3,"column":1}},"1":{"start":{"line":6,"column":0},"end":{"line":6,"column":27}}},"fnMap":{},"branchMap":{},"s":{"0":1,"1":1},"f":{},"b":{},"_coverageSchema":"1a1c01bbd47fc00a2c39e90264f33305004495a9","hash":"c2d04056b014c8d347e396c71c2d531daaadb782"}
,"E:\\Relevel\\ECOM\\config\\db.config.js": {"path":"E:\\Relevel\\ECOM\\config\\db.config.js","statementMap":{"0":{"start":{"line":1,"column":0},"end":{"line":28,"column":2}}},"fnMap":{},"branchMap":{},"s":{"0":3},"f":{},"b":{},"_coverageSchema":"1a1c01bbd47fc00a2c39e90264f33305004495a9","hash":"88bf6b4178add0b04a3c32f49906ff2b1265621c"}
,"E:\\Relevel\\ECOM\\controller\\auth.controller.js": {"path":"E:\\Relevel\\ECOM\\controller\\auth.controller.js","statementMap":{"0":{"start":{"line":1,"column":15},"end":{"line":1,"column":49}},"1":{"start":{"line":2,"column":12},"end":{"line":2,"column":35}},"2":{"start":{"line":3,"column":15},"end":{"line":3,"column":34}},"3":{"start":{"line":4,"column":11},"end":{"line":4,"column":32}},"4":{"start":{"line":6,"column":13},"end":{"line":33,"column":1}},"5":{"start":{"line":7,"column":13},"end":{"line":11,"column":4}},"6":{"start":{"line":13,"column":2},"end":{"line":32,"column":3}},"7":{"start":{"line":14,"column":16},"end":{"line":20,"column":6}},"8":{"start":{"line":22,"column":4},"end":{"line":22,"column":31}},"9":{"start":{"line":23,"column":4},"end":{"line":25,"column":7}},"10":{"start":{"line":28,"column":3},"end":{"line":28,"column":28}},"11":{"start":{"line":29,"column":4},"end":{"line":31,"column":7}},"12":{"start":{"line":35,"column":14},"end":{"line":79,"column":1}},"13":{"start":{"line":36,"column":19},"end":{"line":36,"column":36}},"14":{"start":{"line":37,"column":19},"end":{"line":37,"column":36}},"15":{"start":{"line":38,"column":19},"end":{"line":42,"column":6}},"16":{"start":{"line":44,"column":4},"end":{"line":49,"column":5}},"17":{"start":{"line":45,"column":8},"end":{"line":47,"column":11}},"18":{"start":{"line":48,"column":8},"end":{"line":48,"column":15}},"19":{"start":{"line":51,"column":26},"end":{"line":54,"column":5}},"20":{"start":{"line":55,"column":4},"end":{"line":60,"column":5}},"21":{"start":{"line":56,"column":8},"end":{"line":58,"column":11}},"22":{"start":{"line":59,"column":8},"end":{"line":59,"column":15}},"23":{"start":{"line":62,"column":16},"end":{"line":64,"column":8}},"24":{"start":{"line":66,"column":24},"end":{"line":66,"column":26}},"25":{"start":{"line":67,"column":18},"end":{"line":67,"column":43}},"26":{"start":{"line":68,"column":6},"end":{"line":70,"column":7}},"27":{"start":{"line":68,"column":19},"end":{"line":68,"column":20}},"28":{"start":{"line":69,"column":8},"end":{"line":69,"column":64}},"29":{"start":{"line":72,"column":6},"end":{"line":78,"column":9}},"30":{"start":{"line":81,"column":0},"end":{"line":81,"column":36}}},"fnMap":{"0":{"name":"(anonymous_0)","decl":{"start":{"line":6,"column":13},"end":{"line":6,"column":14}},"loc":{"start":{"line":6,"column":33},"end":{"line":33,"column":1}},"line":6},"1":{"name":"(anonymous_1)","decl":{"start":{"line":35,"column":14},"end":{"line":35,"column":15}},"loc":{"start":{"line":35,"column":33},"end":{"line":79,"column":1}},"line":35}},"branchMap":{"0":{"loc":{"start":{"line":13,"column":2},"end":{"line":32,"column":3}},"type":"if","locations":[{"start":{"line":13,"column":2},"end":{"line":32,"column":3}},{"start":{"line":27,"column":6},"end":{"line":32,"column":3}}],"line":13},"1":{"loc":{"start":{"line":44,"column":4},"end":{"line":49,"column":5}},"type":"if","locations":[{"start":{"line":44,"column":4},"end":{"line":49,"column":5}},{"start":{},"end":{}}],"line":44},"2":{"loc":{"start":{"line":55,"column":4},"end":{"line":60,"column":5}},"type":"if","locations":[{"start":{"line":55,"column":4},"end":{"line":60,"column":5}},{"start":{},"end":{}}],"line":55}},"s":{"0":1,"1":1,"2":1,"3":1,"4":1,"5":0,"6":0,"7":0,"8":0,"9":0,"10":0,"11":0,"12":1,"13":0,"14":0,"15":0,"16":0,"17":0,"18":0,"19":0,"20":0,"21":0,"22":0,"23":0,"24":0,"25":0,"26":0,"27":0,"28":0,"29":0,"30":1},"f":{"0":0,"1":0},"b":{"0":[0,0],"1":[0,0],"2":[0,0]},"_coverageSchema":"1a1c01bbd47fc00a2c39e90264f33305004495a9","hash":"40f3a9b6d3f3939c7d5948d249d47b997dd8bbb9"}
,"E:\\Relevel\\ECOM\\controller\\cart.controller.js": {"path":"E:\\Relevel\\ECOM\\controller\\cart.controller.js","statementMap":{"0":{"start":{"line":1,"column":11},"end":{"line":1,"column":32}},"1":{"start":{"line":4,"column":17},"end":{"line":16,"column":1}},"2":{"start":{"line":5,"column":13},"end":{"line":5,"column":21}},"3":{"start":{"line":6,"column":2},"end":{"line":15,"column":3}},"4":{"start":{"line":7,"column":4},"end":{"line":7,"column":31}},"5":{"start":{"line":8,"column":4},"end":{"line":10,"column":7}},"6":{"start":{"line":12,"column":4},"end":{"line":14,"column":7}},"7":{"start":{"line":18,"column":17},"end":{"line":49,"column":1}},"8":{"start":{"line":19,"column":17},"end":{"line":19,"column":34}},"9":{"start":{"line":20,"column":21},"end":{"line":20,"column":51}},"10":{"start":{"line":21,"column":2},"end":{"line":48,"column":3}},"11":{"start":{"line":22,"column":24},"end":{"line":26,"column":6}},"12":{"start":{"line":28,"column":4},"end":{"line":47,"column":5}},"13":{"start":{"line":29,"column":6},"end":{"line":29,"column":52}},"14":{"start":{"line":30,"column":6},"end":{"line":30,"column":35}},"15":{"start":{"line":31,"column":22},"end":{"line":31,"column":23}},"16":{"start":{"line":32,"column":29},"end":{"line":32,"column":31}},"17":{"start":{"line":33,"column":21},"end":{"line":33,"column":53}},"18":{"start":{"line":34,"column":6},"end":{"line":41,"column":7}},"19":{"start":{"line":35,"column":8},"end":{"line":35,"column":50}},"20":{"start":{"line":36,"column":8},"end":{"line":40,"column":11}},"21":{"start":{"line":42,"column":6},"end":{"line":46,"column":9}},"22":{"start":{"line":51,"column":14},"end":{"line":71,"column":1}},"23":{"start":{"line":52,"column":15},"end":{"line":52,"column":56}},"24":{"start":{"line":53,"column":20},"end":{"line":53,"column":21}},"25":{"start":{"line":54,"column":27},"end":{"line":54,"column":29}},"26":{"start":{"line":55,"column":19},"end":{"line":55,"column":51}},"27":{"start":{"line":56,"column":6},"end":{"line":63,"column":5}},"28":{"start":{"line":57,"column":8},"end":{"line":57,"column":44}},"29":{"start":{"line":58,"column":8},"end":{"line":62,"column":11}},"30":{"start":{"line":65,"column":4},"end":{"line":69,"column":9}},"31":{"start":{"line":73,"column":0},"end":{"line":73,"column":53}}},"fnMap":{"0":{"name":"(anonymous_0)","decl":{"start":{"line":4,"column":17},"end":{"line":4,"column":18}},"loc":{"start":{"line":4,"column":43},"end":{"line":16,"column":1}},"line":4},"1":{"name":"(anonymous_1)","decl":{"start":{"line":18,"column":17},"end":{"line":18,"column":18}},"loc":{"start":{"line":18,"column":43},"end":{"line":49,"column":1}},"line":18},"2":{"name":"(anonymous_2)","decl":{"start":{"line":51,"column":14},"end":{"line":51,"column":15}},"loc":{"start":{"line":51,"column":40},"end":{"line":71,"column":1}},"line":51}},"branchMap":{"0":{"loc":{"start":{"line":21,"column":2},"end":{"line":48,"column":3}},"type":"if","locations":[{"start":{"line":21,"column":2},"end":{"line":48,"column":3}},{"start":{},"end":{}}],"line":21},"1":{"loc":{"start":{"line":28,"column":4},"end":{"line":47,"column":5}},"type":"if","locations":[{"start":{"line":28,"column":4},"end":{"line":47,"column":5}},{"start":{},"end":{}}],"line":28}},"s":{"0":1,"1":1,"2":0,"3":0,"4":0,"5":0,"6":0,"7":1,"8":0,"9":0,"10":0,"11":0,"12":0,"13":0,"14":0,"15":0,"16":0,"17":0,"18":0,"19":0,"20":0,"21":0,"22":1,"23":0,"24":0,"25":0,"26":0,"27":0,"28":0,"29":0,"30":0,"31":1},"f":{"0":0,"1":0,"2":0},"b":{"0":[0,0],"1":[0,0]},"_coverageSchema":"1a1c01bbd47fc00a2c39e90264f33305004495a9","hash":"3ee7833dcf457b4ae9e261bbd05f3bbc0aa4df18"}
,"E:\\Relevel\\ECOM\\controller\\category.controller.js": {"path":"E:\\Relevel\\ECOM\\controller\\category.controller.js","statementMap":{"0":{"start":{"line":1,"column":9},"end":{"line":1,"column":30}},"1":{"start":{"line":3,"column":23},"end":{"line":12,"column":1}},"2":{"start":{"line":4,"column":2},"end":{"line":11,"column":3}},"3":{"start":{"line":5,"column":19},"end":{"line":5,"column":46}},"4":{"start":{"line":6,"column":2},"end":{"line":6,"column":35}},"5":{"start":{"line":8,"column":4},"end":{"line":10,"column":6}},"6":{"start":{"line":15,"column":22},"end":{"line":26,"column":1}},"7":{"start":{"line":16,"column":11},"end":{"line":16,"column":32}},"8":{"start":{"line":17,"column":19},"end":{"line":21,"column":4}},"9":{"start":{"line":24,"column":2},"end":{"line":24,"column":35}},"10":{"start":{"line":25,"column":2},"end":{"line":25,"column":12}},"11":{"start":{"line":28,"column":21},"end":{"line":38,"column":1}},"12":{"start":{"line":29,"column":2},"end":{"line":37,"column":3}},"13":{"start":{"line":30,"column":24},"end":{"line":30,"column":32}},"14":{"start":{"line":31,"column":4},"end":{"line":31,"column":45}},"15":{"start":{"line":33,"column":4},"end":{"line":33,"column":47}},"16":{"start":{"line":34,"column":4},"end":{"line":34,"column":14}},"17":{"start":{"line":36,"column":4},"end":{"line":36,"column":14}},"18":{"start":{"line":40,"column":25},"end":{"line":60,"column":1}},"19":{"start":{"line":41,"column":11},"end":{"line":41,"column":32}},"20":{"start":{"line":43,"column":17},"end":{"line":43,"column":47}},"21":{"start":{"line":44,"column":2},"end":{"line":59,"column":3}},"22":{"start":{"line":45,"column":4},"end":{"line":47,"column":5}},"23":{"start":{"line":46,"column":6},"end":{"line":46,"column":44}},"24":{"start":{"line":49,"column":4},"end":{"line":53,"column":7}},"25":{"start":{"line":55,"column":4},"end":{"line":55,"column":45}},"26":{"start":{"line":56,"column":4},"end":{"line":56,"column":14}},"27":{"start":{"line":58,"column":4},"end":{"line":58,"column":14}},"28":{"start":{"line":62,"column":25},"end":{"line":83,"column":1}},"29":{"start":{"line":68,"column":11},"end":{"line":68,"column":32}},"30":{"start":{"line":69,"column":25},"end":{"line":72,"column":3}},"31":{"start":{"line":75,"column":2},"end":{"line":79,"column":5}},"32":{"start":{"line":81,"column":23},"end":{"line":81,"column":53}},"33":{"start":{"line":82,"column":2},"end":{"line":82,"column":39}},"34":{"start":{"line":88,"column":0},"end":{"line":94,"column":2}}},"fnMap":{"0":{"name":"(anonymous_0)","decl":{"start":{"line":3,"column":23},"end":{"line":3,"column":24}},"loc":{"start":{"line":3,"column":49},"end":{"line":12,"column":1}},"line":3},"1":{"name":"(anonymous_1)","decl":{"start":{"line":15,"column":22},"end":{"line":15,"column":23}},"loc":{"start":{"line":15,"column":48},"end":{"line":26,"column":1}},"line":15},"2":{"name":"(anonymous_2)","decl":{"start":{"line":28,"column":21},"end":{"line":28,"column":22}},"loc":{"start":{"line":28,"column":47},"end":{"line":38,"column":1}},"line":28},"3":{"name":"(anonymous_3)","decl":{"start":{"line":40,"column":25},"end":{"line":40,"column":26}},"loc":{"start":{"line":40,"column":51},"end":{"line":60,"column":1}},"line":40},"4":{"name":"(anonymous_4)","decl":{"start":{"line":62,"column":25},"end":{"line":62,"column":26}},"loc":{"start":{"line":62,"column":51},"end":{"line":83,"column":1}},"line":62}},"branchMap":{"0":{"loc":{"start":{"line":45,"column":4},"end":{"line":47,"column":5}},"type":"if","locations":[{"start":{"line":45,"column":4},"end":{"line":47,"column":5}},{"start":{},"end":{}}],"line":45}},"s":{"0":2,"1":2,"2":2,"3":2,"4":1,"5":1,"6":2,"7":1,"8":1,"9":1,"10":1,"11":2,"12":0,"13":0,"14":0,"15":0,"16":0,"17":0,"18":2,"19":0,"20":0,"21":0,"22":0,"23":0,"24":0,"25":0,"26":0,"27":0,"28":2,"29":0,"30":0,"31":0,"32":0,"33":0,"34":2},"f":{"0":2,"1":1,"2":0,"3":0,"4":0},"b":{"0":[0,0]},"_coverageSchema":"1a1c01bbd47fc00a2c39e90264f33305004495a9","hash":"40649a6a07e22e9a3d921799f1612b50103bb0f1"}
,"E:\\Relevel\\ECOM\\controller\\product.controller.js": {"path":"E:\\Relevel\\ECOM\\controller\\product.controller.js","statementMap":{"0":{"start":{"line":1,"column":11},"end":{"line":1,"column":30}},"1":{"start":{"line":3,"column":21},"end":{"line":40,"column":1}},"2":{"start":{"line":4,"column":2},"end":{"line":35,"column":5}},"3":{"start":{"line":37,"column":2},"end":{"line":39,"column":5}},"4":{"start":{"line":42,"column":13},"end":{"line":52,"column":1}},"5":{"start":{"line":43,"column":21},"end":{"line":43,"column":29}},"6":{"start":{"line":44,"column":2},"end":{"line":51,"column":3}},"7":{"start":{"line":45,"column":4},"end":{"line":45,"column":42}},"8":{"start":{"line":46,"column":4},"end":{"line":46,"column":39}},"9":{"start":{"line":48,"column":4},"end":{"line":50,"column":7}},"10":{"start":{"line":54,"column":21},"end":{"line":81,"column":1}},"11":{"start":{"line":55,"column":19},"end":{"line":55,"column":39}},"12":{"start":{"line":56,"column":17},"end":{"line":56,"column":35}},"13":{"start":{"line":57,"column":17},"end":{"line":57,"column":35}},"14":{"start":{"line":58,"column":17},"end":{"line":58,"column":19}},"15":{"start":{"line":60,"column":2},"end":{"line":78,"column":3}},"16":{"start":{"line":61,"column":4},"end":{"line":61,"column":42}},"17":{"start":{"line":63,"column":4},"end":{"line":77,"column":5}},"18":{"start":{"line":64,"column":6},"end":{"line":64,"column":52}},"19":{"start":{"line":65,"column":11},"end":{"line":77,"column":5}},"20":{"start":{"line":66,"column":6},"end":{"line":66,"column":62}},"21":{"start":{"line":68,"column":6},"end":{"line":76,"column":9}},"22":{"start":{"line":79,"column":2},"end":{"line":79,"column":33}},"23":{"start":{"line":80,"column":2},"end":{"line":80,"column":12}},"24":{"start":{"line":83,"column":23},"end":{"line":90,"column":1}},"25":{"start":{"line":84,"column":25},"end":{"line":88,"column":4}},"26":{"start":{"line":89,"column":2},"end":{"line":89,"column":26}},"27":{"start":{"line":92,"column":25},"end":{"line":102,"column":1}},"28":{"start":{"line":93,"column":25},"end":{"line":100,"column":4}},"29":{"start":{"line":101,"column":2},"end":{"line":101,"column":26}},"30":{"start":{"line":104,"column":21},"end":{"line":117,"column":1}},"31":{"start":{"line":105,"column":11},"end":{"line":105,"column":31}},"32":{"start":{"line":106,"column":2},"end":{"line":108,"column":3}},"33":{"start":{"line":107,"column":4},"end":{"line":107,"column":42}},"34":{"start":{"line":109,"column":17},"end":{"line":113,"column":4}},"35":{"start":{"line":114,"column":2},"end":{"line":114,"column":61}},"36":{"start":{"line":115,"column":2},"end":{"line":115,"column":38}},"37":{"start":{"line":116,"column":2},"end":{"line":116,"column":12}},"38":{"start":{"line":124,"column":20},"end":{"line":132,"column":1}},"39":{"start":{"line":125,"column":21},"end":{"line":125,"column":34}},"40":{"start":{"line":126,"column":2},"end":{"line":128,"column":5}},"41":{"start":{"line":130,"column":2},"end":{"line":130,"column":44}},"42":{"start":{"line":131,"column":2},"end":{"line":131,"column":12}},"43":{"start":{"line":134,"column":24},"end":{"line":144,"column":1}},"44":{"start":{"line":135,"column":11},"end":{"line":135,"column":31}},"45":{"start":{"line":136,"column":2},"end":{"line":140,"column":5}},"46":{"start":{"line":142,"column":2},"end":{"line":142,"column":42}},"47":{"start":{"line":143,"column":2},"end":{"line":143,"column":12}},"48":{"start":{"line":146,"column":24},"end":{"line":161,"column":1}},"49":{"start":{"line":147,"column":11},"end":{"line":147,"column":31}},"50":{"start":{"line":148,"column":24},"end":{"line":151,"column":3}},"51":{"start":{"line":153,"column":2},"end":{"line":157,"column":5}},"52":{"start":{"line":159,"column":22},"end":{"line":159,"column":49}},"53":{"start":{"line":160,"column":2},"end":{"line":160,"column":38}},"54":{"start":{"line":166,"column":0},"end":{"line":174,"column":2}}},"fnMap":{"0":{"name":"(anonymous_0)","decl":{"start":{"line":3,"column":21},"end":{"line":3,"column":22}},"loc":{"start":{"line":3,"column":47},"end":{"line":40,"column":1}},"line":3},"1":{"name":"(anonymous_1)","decl":{"start":{"line":42,"column":13},"end":{"line":42,"column":14}},"loc":{"start":{"line":42,"column":39},"end":{"line":52,"column":1}},"line":42},"2":{"name":"(anonymous_2)","decl":{"start":{"line":54,"column":21},"end":{"line":54,"column":22}},"loc":{"start":{"line":54,"column":47},"end":{"line":81,"column":1}},"line":54},"3":{"name":"(anonymous_3)","decl":{"start":{"line":83,"column":23},"end":{"line":83,"column":24}},"loc":{"start":{"line":83,"column":45},"end":{"line":90,"column":1}},"line":83},"4":{"name":"(anonymous_4)","decl":{"start":{"line":92,"column":25},"end":{"line":92,"column":26}},"loc":{"start":{"line":92,"column":55},"end":{"line":102,"column":1}},"line":92},"5":{"name":"(anonymous_5)","decl":{"start":{"line":104,"column":21},"end":{"line":104,"column":22}},"loc":{"start":{"line":104,"column":47},"end":{"line":117,"column":1}},"line":104},"6":{"name":"(anonymous_6)","decl":{"start":{"line":124,"column":20},"end":{"line":124,"column":21}},"loc":{"start":{"line":124,"column":46},"end":{"line":132,"column":1}},"line":124},"7":{"name":"(anonymous_7)","decl":{"start":{"line":134,"column":24},"end":{"line":134,"column":25}},"loc":{"start":{"line":134,"column":50},"end":{"line":144,"column":1}},"line":134},"8":{"name":"(anonymous_8)","decl":{"start":{"line":146,"column":24},"end":{"line":146,"column":25}},"loc":{"start":{"line":146,"column":50},"end":{"line":161,"column":1}},"line":146}},"branchMap":{"0":{"loc":{"start":{"line":60,"column":2},"end":{"line":78,"column":3}},"type":"if","locations":[{"start":{"line":60,"column":2},"end":{"line":78,"column":3}},{"start":{"line":62,"column":9},"end":{"line":78,"column":3}}],"line":60},"1":{"loc":{"start":{"line":63,"column":4},"end":{"line":77,"column":5}},"type":"if","locations":[{"start":{"line":63,"column":4},"end":{"line":77,"column":5}},{"start":{"line":65,"column":11},"end":{"line":77,"column":5}}],"line":63},"2":{"loc":{"start":{"line":63,"column":8},"end":{"line":63,"column":45}},"type":"binary-expr","locations":[{"start":{"line":63,"column":8},"end":{"line":63,"column":18}},{"start":{"line":63,"column":22},"end":{"line":63,"column":45}}],"line":63},"3":{"loc":{"start":{"line":63,"column":24},"end":{"line":63,"column":44}},"type":"binary-expr","locations":[{"start":{"line":63,"column":24},"end":{"line":63,"column":32}},{"start":{"line":63,"column":36},"end":{"line":63,"column":44}}],"line":63},"4":{"loc":{"start":{"line":65,"column":11},"end":{"line":77,"column":5}},"type":"if","locations":[{"start":{"line":65,"column":11},"end":{"line":77,"column":5}},{"start":{"line":67,"column":11},"end":{"line":77,"column":5}}],"line":65},"5":{"loc":{"start":{"line":65,"column":15},"end":{"line":65,"column":50}},"type":"binary-expr","locations":[{"start":{"line":65,"column":15},"end":{"line":65,"column":26}},{"start":{"line":65,"column":30},"end":{"line":65,"column":38}},{"start":{"line":65,"column":42},"end":{"line":65,"column":50}}],"line":65},"6":{"loc":{"start":{"line":106,"column":2},"end":{"line":108,"column":3}},"type":"if","locations":[{"start":{"line":106,"column":2},"end":{"line":108,"column":3}},{"start":{},"end":{}}],"line":106}},"s":{"0":2,"1":2,"2":1,"3":1,"4":2,"5":1,"6":1,"7":1,"8":1,"9":0,"10":2,"11":0,"12":0,"13":0,"14":0,"15":0,"16":0,"17":0,"18":0,"19":0,"20":0,"21":0,"22":0,"23":0,"24":2,"25":0,"26":0,"27":2,"28":0,"29":0,"30":2,"31":0,"32":0,"33":0,"34":0,"35":0,"36":0,"37":0,"38":2,"39":0,"40":0,"41":0,"42":0,"43":2,"44":0,"45":0,"46":0,"47":0,"48":2,"49":0,"50":0,"51":0,"52":0,"53":0,"54":2},"f":{"0":1,"1":1,"2":0,"3":0,"4":0,"5":0,"6":0,"7":0,"8":0},"b":{"0":[0,0],"1":[0,0],"2":[0,0],"3":[0,0],"4":[0,0],"5":[0,0,0],"6":[0,0]},"_coverageSchema":"1a1c01bbd47fc00a2c39e90264f33305004495a9","hash":"7ea67d29ef3f1b999894c129e9673c161d09be6d"}
,"E:\\Relevel\\ECOM\\middlewares\\ErrorHandler.js": {"path":"E:\\Relevel\\ECOM\\middlewares\\ErrorHandler.js","statementMap":{"0":{"start":{"line":1,"column":11},"end":{"line":1,"column":26}},"1":{"start":{"line":3,"column":21},"end":{"line":14,"column":1}},"2":{"start":{"line":4,"column":2},"end":{"line":4,"column":43}},"3":{"start":{"line":5,"column":21},"end":{"line":5,"column":42}},"4":{"start":{"line":6,"column":18},"end":{"line":6,"column":55}},"5":{"start":{"line":13,"column":2},"end":{"line":13,"column":63}},"6":{"start":{"line":16,"column":0},"end":{"line":16,"column":30}}},"fnMap":{"0":{"name":"(anonymous_0)","decl":{"start":{"line":3,"column":21},"end":{"line":3,"column":22}},"loc":{"start":{"line":3,"column":46},"end":{"line":14,"column":1}},"line":3}},"branchMap":{"0":{"loc":{"start":{"line":5,"column":21},"end":{"line":5,"column":42}},"type":"binary-expr","locations":[{"start":{"line":5,"column":21},"end":{"line":5,"column":35}},{"start":{"line":5,"column":39},"end":{"line":5,"column":42}}],"line":5},"1":{"loc":{"start":{"line":6,"column":18},"end":{"line":6,"column":55}},"type":"binary-expr","locations":[{"start":{"line":6,"column":18},"end":{"line":6,"column":29}},{"start":{"line":6,"column":33},"end":{"line":6,"column":55}}],"line":6}},"s":{"0":1,"1":1,"2":0,"3":0,"4":0,"5":0,"6":1},"f":{"0":0},"b":{"0":[0,0],"1":[0,0]},"_coverageSchema":"1a1c01bbd47fc00a2c39e90264f33305004495a9","hash":"b0ae2ef792c03680e70df10c872b1420fd3a70a3"}
,"E:\\Relevel\\ECOM\\middlewares\\RequestValidator.js": {"path":"E:\\Relevel\\ECOM\\middlewares\\RequestValidator.js","statementMap":{"0":{"start":{"line":1,"column":19},"end":{"line":1,"column":49}},"1":{"start":{"line":3,"column":36},"end":{"line":10,"column":1}},"2":{"start":{"line":4,"column":2},"end":{"line":8,"column":3}},"3":{"start":{"line":5,"column":4},"end":{"line":7,"column":7}},"4":{"start":{"line":9,"column":2},"end":{"line":9,"column":9}},"5":{"start":{"line":12,"column":33},"end":{"line":30,"column":1}},"6":{"start":{"line":13,"column":11},"end":{"line":13,"column":32}},"7":{"start":{"line":14,"column":2},"end":{"line":27,"column":3}},"8":{"start":{"line":15,"column":19},"end":{"line":15,"column":48}},"9":{"start":{"line":17,"column":4},"end":{"line":22,"column":5}},"10":{"start":{"line":18,"column":6},"end":{"line":20,"column":9}},"11":{"start":{"line":24,"column":4},"end":{"line":26,"column":7}},"12":{"start":{"line":28,"column":2},"end":{"line":28,"column":12}},"13":{"start":{"line":32,"column":0},"end":{"line":32,"column":74}}},"fnMap":{"0":{"name":"(anonymous_0)","decl":{"start":{"line":3,"column":36},"end":{"line":3,"column":37}},"loc":{"start":{"line":3,"column":56},"end":{"line":10,"column":1}},"line":3},"1":{"name":"(anonymous_1)","decl":{"start":{"line":12,"column":33},"end":{"line":12,"column":34}},"loc":{"start":{"line":12,"column":59},"end":{"line":30,"column":1}},"line":12}},"branchMap":{"0":{"loc":{"start":{"line":4,"column":2},"end":{"line":8,"column":3}},"type":"if","locations":[{"start":{"line":4,"column":2},"end":{"line":8,"column":3}},{"start":{},"end":{}}],"line":4},"1":{"loc":{"start":{"line":14,"column":2},"end":{"line":27,"column":3}},"type":"if","locations":[{"start":{"line":14,"column":2},"end":{"line":27,"column":3}},{"start":{"line":23,"column":9},"end":{"line":27,"column":3}}],"line":14},"2":{"loc":{"start":{"line":17,"column":4},"end":{"line":22,"column":5}},"type":"if","locations":[{"start":{"line":17,"column":4},"end":{"line":22,"column":5}},{"start":{},"end":{}}],"line":17}},"s":{"0":1,"1":1,"2":0,"3":0,"4":0,"5":1,"6":0,"7":0,"8":0,"9":0,"10":0,"11":0,"12":0,"13":1},"f":{"0":0,"1":0},"b":{"0":[0,0],"1":[0,0],"2":[0,0]},"_coverageSchema":"1a1c01bbd47fc00a2c39e90264f33305004495a9","hash":"2a1acdb11a0bdb4b50fd4fc6b119369aa66736bd"}
,"E:\\Relevel\\ECOM\\middlewares\\VerifySignUp.js": {"path":"E:\\Relevel\\ECOM\\middlewares\\VerifySignUp.js","statementMap":{"0":{"start":{"line":1,"column":11},"end":{"line":1,"column":38}},"1":{"start":{"line":2,"column":13},"end":{"line":2,"column":20}},"2":{"start":{"line":3,"column":14},"end":{"line":3,"column":22}},"3":{"start":{"line":7,"column":29},"end":{"line":21,"column":1}},"4":{"start":{"line":8,"column":15},"end":{"line":12,"column":6}},"5":{"start":{"line":14,"column":4},"end":{"line":19,"column":5}},"6":{"start":{"line":15,"column":8},"end":{"line":17,"column":11}},"7":{"start":{"line":18,"column":8},"end":{"line":18,"column":15}},"8":{"start":{"line":20,"column":4},"end":{"line":20,"column":11}},"9":{"start":{"line":23,"column":0},"end":{"line":35,"column":4}},"10":{"start":{"line":24,"column":4},"end":{"line":33,"column":5}},"11":{"start":{"line":25,"column":6},"end":{"line":32,"column":7}},"12":{"start":{"line":25,"column":19},"end":{"line":25,"column":20}},"13":{"start":{"line":26,"column":8},"end":{"line":31,"column":9}},"14":{"start":{"line":27,"column":10},"end":{"line":29,"column":13}},"15":{"start":{"line":30,"column":10},"end":{"line":30,"column":17}},"16":{"start":{"line":34,"column":4},"end":{"line":34,"column":11}},"17":{"start":{"line":37,"column":21},"end":{"line":40,"column":1}},"18":{"start":{"line":42,"column":0},"end":{"line":42,"column":30}}},"fnMap":{"0":{"name":"(anonymous_0)","decl":{"start":{"line":7,"column":29},"end":{"line":7,"column":30}},"loc":{"start":{"line":7,"column":53},"end":{"line":21,"column":1}},"line":7},"1":{"name":"(anonymous_1)","decl":{"start":{"line":23,"column":20},"end":{"line":23,"column":21}},"loc":{"start":{"line":23,"column":40},"end":{"line":35,"column":3}},"line":23}},"branchMap":{"0":{"loc":{"start":{"line":14,"column":4},"end":{"line":19,"column":5}},"type":"if","locations":[{"start":{"line":14,"column":4},"end":{"line":19,"column":5}},{"start":{},"end":{}}],"line":14},"1":{"loc":{"start":{"line":24,"column":4},"end":{"line":33,"column":5}},"type":"if","locations":[{"start":{"line":24,"column":4},"end":{"line":33,"column":5}},{"start":{},"end":{}}],"line":24},"2":{"loc":{"start":{"line":26,"column":8},"end":{"line":31,"column":9}},"type":"if","locations":[{"start":{"line":26,"column":8},"end":{"line":31,"column":9}},{"start":{},"end":{}}],"line":26}},"s":{"0":1,"1":1,"2":1,"3":1,"4":0,"5":0,"6":0,"7":0,"8":0,"9":1,"10":0,"11":0,"12":0,"13":0,"14":0,"15":0,"16":0,"17":1,"18":1},"f":{"0":0,"1":0},"b":{"0":[0,0],"1":[0,0],"2":[0,0]},"_coverageSchema":"1a1c01bbd47fc00a2c39e90264f33305004495a9","hash":"a733cf9cd1fe79561b39aaa021c3506ffb00badc"}
,"E:\\Relevel\\ECOM\\middlewares\\authJwt.js": {"path":"E:\\Relevel\\ECOM\\middlewares\\authJwt.js","statementMap":{"0":{"start":{"line":1,"column":10},"end":{"line":1,"column":33}},"1":{"start":{"line":2,"column":15},"end":{"line":2,"column":49}},"2":{"start":{"line":4,"column":20},"end":{"line":25,"column":1}},"3":{"start":{"line":5,"column":16},"end":{"line":5,"column":45}},"4":{"start":{"line":6,"column":4},"end":{"line":11,"column":5}},"5":{"start":{"line":7,"column":8},"end":{"line":9,"column":11}},"6":{"start":{"line":10,"column":8},"end":{"line":10,"column":15}},"7":{"start":{"line":14,"column":4},"end":{"line":23,"column":7}},"8":{"start":{"line":15,"column":8},"end":{"line":20,"column":9}},"9":{"start":{"line":16,"column":12},"end":{"line":18,"column":15}},"10":{"start":{"line":19,"column":12},"end":{"line":19,"column":19}},"11":{"start":{"line":21,"column":12},"end":{"line":21,"column":36}},"12":{"start":{"line":22,"column":12},"end":{"line":22,"column":19}},"13":{"start":{"line":27,"column":0},"end":{"line":27,"column":33}}},"fnMap":{"0":{"name":"(anonymous_0)","decl":{"start":{"line":4,"column":20},"end":{"line":4,"column":21}},"loc":{"start":{"line":4,"column":40},"end":{"line":25,"column":1}},"line":4},"1":{"name":"(anonymous_1)","decl":{"start":{"line":14,"column":37},"end":{"line":14,"column":38}},"loc":{"start":{"line":14,"column":55},"end":{"line":23,"column":5}},"line":14}},"branchMap":{"0":{"loc":{"start":{"line":6,"column":4},"end":{"line":11,"column":5}},"type":"if","locations":[{"start":{"line":6,"column":4},"end":{"line":11,"column":5}},{"start":{},"end":{}}],"line":6},"1":{"loc":{"start":{"line":15,"column":8},"end":{"line":20,"column":9}},"type":"if","locations":[{"start":{"line":15,"column":8},"end":{"line":20,"column":9}},{"start":{},"end":{}}],"line":15}},"s":{"0":1,"1":1,"2":1,"3":1,"4":1,"5":1,"6":1,"7":0,"8":0,"9":0,"10":0,"11":0,"12":0,"13":1},"f":{"0":1,"1":0},"b":{"0":[1,0],"1":[0,0]},"_coverageSchema":"1a1c01bbd47fc00a2c39e90264f33305004495a9","hash":"b4958e842311016981ced35ebf72cd4a1e5c1591"}
,"E:\\Relevel\\ECOM\\model\\Cart.js": {"path":"E:\\Relevel\\ECOM\\model\\Cart.js","statementMap":{"0":{"start":{"line":1,"column":0},"end":{"line":19,"column":2}},"1":{"start":{"line":2,"column":13},"end":{"line":17,"column":3}},"2":{"start":{"line":18,"column":2},"end":{"line":18,"column":14}}},"fnMap":{"0":{"name":"(anonymous_0)","decl":{"start":{"line":1,"column":17},"end":{"line":1,"column":18}},"loc":{"start":{"line":1,"column":46},"end":{"line":19,"column":1}},"line":1}},"branchMap":{},"s":{"0":3,"1":3,"2":3},"f":{"0":3},"b":{},"_coverageSchema":"1a1c01bbd47fc00a2c39e90264f33305004495a9","hash":"c28344311480138bcad7ca4a9b3718c77c5c5efb"}
,"E:\\Relevel\\ECOM\\model\\Category.js": {"path":"E:\\Relevel\\ECOM\\model\\Category.js","statementMap":{"0":{"start":{"line":1,"column":0},"end":{"line":22,"column":1}},"1":{"start":{"line":2,"column":19},"end":{"line":20,"column":3}},"2":{"start":{"line":21,"column":2},"end":{"line":21,"column":20}}},"fnMap":{"0":{"name":"(anonymous_0)","decl":{"start":{"line":1,"column":17},"end":{"line":1,"column":18}},"loc":{"start":{"line":1,"column":46},"end":{"line":22,"column":1}},"line":1}},"branchMap":{},"s":{"0":3,"1":3,"2":3},"f":{"0":3},"b":{},"_coverageSchema":"1a1c01bbd47fc00a2c39e90264f33305004495a9","hash":"0ea9e8d6050bc8d6529932de1043c7596d8321bd"}
,"E:\\Relevel\\ECOM\\model\\Product.js": {"path":"E:\\Relevel\\ECOM\\model\\Product.js","statementMap":{"0":{"start":{"line":1,"column":0},"end":{"line":25,"column":1}},"1":{"start":{"line":2,"column":17},"end":{"line":23,"column":3}},"2":{"start":{"line":24,"column":2},"end":{"line":24,"column":18}}},"fnMap":{"0":{"name":"(anonymous_0)","decl":{"start":{"line":1,"column":17},"end":{"line":1,"column":18}},"loc":{"start":{"line":1,"column":46},"end":{"line":25,"column":1}},"line":1}},"branchMap":{},"s":{"0":3,"1":3,"2":3},"f":{"0":3},"b":{},"_coverageSchema":"1a1c01bbd47fc00a2c39e90264f33305004495a9","hash":"a568c454e0fa33878ebc35b9af5bd3391580e44c"}
,"E:\\Relevel\\ECOM\\model\\Roles.js": {"path":"E:\\Relevel\\ECOM\\model\\Roles.js","statementMap":{"0":{"start":{"line":1,"column":0},"end":{"line":12,"column":2}},"1":{"start":{"line":2,"column":17},"end":{"line":10,"column":6}},"2":{"start":{"line":11,"column":4},"end":{"line":11,"column":16}}},"fnMap":{"0":{"name":"(anonymous_0)","decl":{"start":{"line":1,"column":17},"end":{"line":1,"column":18}},"loc":{"start":{"line":1,"column":46},"end":{"line":12,"column":1}},"line":1}},"branchMap":{},"s":{"0":3,"1":3,"2":3},"f":{"0":3},"b":{},"_coverageSchema":"1a1c01bbd47fc00a2c39e90264f33305004495a9","hash":"9d4d1eaa3af37eea065e4e09eab5aa4e3288508c"}
,"E:\\Relevel\\ECOM\\model\\User.js": {"path":"E:\\Relevel\\ECOM\\model\\User.js","statementMap":{"0":{"start":{"line":1,"column":0},"end":{"line":15,"column":1}},"1":{"start":{"line":2,"column":17},"end":{"line":13,"column":6}},"2":{"start":{"line":14,"column":4},"end":{"line":14,"column":16}}},"fnMap":{"0":{"name":"(anonymous_0)","decl":{"start":{"line":1,"column":17},"end":{"line":1,"column":18}},"loc":{"start":{"line":1,"column":46},"end":{"line":15,"column":1}},"line":1}},"branchMap":{},"s":{"0":3,"1":3,"2":3},"f":{"0":3},"b":{},"_coverageSchema":"1a1c01bbd47fc00a2c39e90264f33305004495a9","hash":"eca86be997e27dde18363cb746a0ddcb9635c18f"}
,"E:\\Relevel\\ECOM\\model\\index.js": {"path":"E:\\Relevel\\ECOM\\model\\index.js","statementMap":{"0":{"start":{"line":1,"column":18},"end":{"line":1,"column":38}},"1":{"start":{"line":2,"column":12},"end":{"line":2,"column":49}},"2":{"start":{"line":3,"column":17},"end":{"line":3,"column":54}},"3":{"start":{"line":4,"column":9},"end":{"line":4,"column":11}},"4":{"start":{"line":6,"column":0},"end":{"line":16,"column":3}},"5":{"start":{"line":17,"column":0},"end":{"line":17,"column":25}},"6":{"start":{"line":18,"column":0},"end":{"line":18,"column":56}},"7":{"start":{"line":19,"column":0},"end":{"line":19,"column":54}},"8":{"start":{"line":20,"column":0},"end":{"line":20,"column":60}},"9":{"start":{"line":21,"column":0},"end":{"line":21,"column":54}},"10":{"start":{"line":22,"column":0},"end":{"line":22,"column":62}},"11":{"start":{"line":25,"column":0},"end":{"line":29,"column":3}},"12":{"start":{"line":31,"column":0},"end":{"line":35,"column":3}},"13":{"start":{"line":37,"column":0},"end":{"line":41,"column":3}},"14":{"start":{"line":43,"column":2},"end":{"line":47,"column":3}},"15":{"start":{"line":49,"column":0},"end":{"line":49,"column":29}},"16":{"start":{"line":51,"column":0},"end":{"line":51,"column":20}}},"fnMap":{},"branchMap":{"0":{"loc":{"start":{"line":2,"column":12},"end":{"line":2,"column":49}},"type":"binary-expr","locations":[{"start":{"line":2,"column":12},"end":{"line":2,"column":32}},{"start":{"line":2,"column":36},"end":{"line":2,"column":49}}],"line":2}},"s":{"0":3,"1":3,"2":3,"3":3,"4":3,"5":3,"6":3,"7":3,"8":3,"9":3,"10":3,"11":3,"12":3,"13":3,"14":3,"15":3,"16":3},"f":{},"b":{"0":[3,0]},"_coverageSchema":"1a1c01bbd47fc00a2c39e90264f33305004495a9","hash":"765b0a887a026911faab8f50dace1ef51348f8fb"}
,"E:\\Relevel\\ECOM\\routes\\auth.route.js": {"path":"E:\\Relevel\\ECOM\\routes\\auth.route.js","statementMap":{"0":{"start":{"line":1,"column":19},"end":{"line":1,"column":61}},"1":{"start":{"line":2,"column":16},"end":{"line":2,"column":34}},"2":{"start":{"line":3,"column":21},"end":{"line":3,"column":61}},"3":{"start":{"line":4,"column":19},"end":{"line":4,"column":28}},"4":{"start":{"line":5,"column":15},"end":{"line":5,"column":31}},"5":{"start":{"line":7,"column":0},"end":{"line":13,"column":3}},"6":{"start":{"line":8,"column":2},"end":{"line":11,"column":4}},"7":{"start":{"line":12,"column":2},"end":{"line":12,"column":9}},"8":{"start":{"line":15,"column":0},"end":{"line":19,"column":2}},"9":{"start":{"line":20,"column":0},"end":{"line":20,"column":42}},"10":{"start":{"line":22,"column":0},"end":{"line":22,"column":24}}},"fnMap":{"0":{"name":"(anonymous_0)","decl":{"start":{"line":7,"column":15},"end":{"line":7,"column":16}},"loc":{"start":{"line":7,"column":41},"end":{"line":13,"column":1}},"line":7}},"branchMap":{},"s":{"0":1,"1":1,"2":1,"3":1,"4":1,"5":1,"6":0,"7":0,"8":1,"9":1,"10":1},"f":{"0":0},"b":{},"_coverageSchema":"1a1c01bbd47fc00a2c39e90264f33305004495a9","hash":"1183b61b17fc1908ec71919880781614fcf2f8b2"}
,"E:\\Relevel\\ECOM\\routes\\cart.route.js": {"path":"E:\\Relevel\\ECOM\\routes\\cart.route.js","statementMap":{"0":{"start":{"line":1,"column":14},"end":{"line":1,"column":32}},"1":{"start":{"line":2,"column":17},"end":{"line":2,"column":33}},"2":{"start":{"line":3,"column":21},"end":{"line":3,"column":63}},"3":{"start":{"line":4,"column":14},"end":{"line":4,"column":49}},"4":{"start":{"line":6,"column":0},"end":{"line":6,"column":74}},"5":{"start":{"line":7,"column":0},"end":{"line":7,"column":77}},"6":{"start":{"line":9,"column":0},"end":{"line":9,"column":48}},"7":{"start":{"line":11,"column":0},"end":{"line":11,"column":28}}},"fnMap":{},"branchMap":{},"s":{"0":1,"1":1,"2":1,"3":1,"4":1,"5":1,"6":1,"7":1},"f":{},"b":{},"_coverageSchema":"1a1c01bbd47fc00a2c39e90264f33305004495a9","hash":"ac6e97c486c70992e8d2e3b48e35c2c7e5b495b8"}
,"E:\\Relevel\\ECOM\\routes\\categories.route.js": {"path":"E:\\Relevel\\ECOM\\routes\\categories.route.js","statementMap":{"0":{"start":{"line":1,"column":14},"end":{"line":1,"column":32}},"1":{"start":{"line":2,"column":21},"end":{"line":2,"column":37}},"2":{"start":{"line":3,"column":25},"end":{"line":3,"column":71}},"3":{"start":{"line":4,"column":23},"end":{"line":4,"column":67}},"4":{"start":{"line":6,"column":0},"end":{"line":6,"column":61}},"5":{"start":{"line":8,"column":0},"end":{"line":12,"column":2}},"6":{"start":{"line":14,"column":0},"end":{"line":21,"column":2}},"7":{"start":{"line":23,"column":0},"end":{"line":27,"column":2}},"8":{"start":{"line":29,"column":0},"end":{"line":33,"column":2}},"9":{"start":{"line":35,"column":0},"end":{"line":35,"column":32}}},"fnMap":{},"branchMap":{},"s":{"0":1,"1":1,"2":1,"3":1,"4":1,"5":1,"6":1,"7":1,"8":1,"9":1},"f":{},"b":{},"_coverageSchema":"1a1c01bbd47fc00a2c39e90264f33305004495a9","hash":"ca6f3bef20ff1a5a99ccc54fae0840a30ebd0614"}
,"E:\\Relevel\\ECOM\\routes\\index.js": {"path":"E:\\Relevel\\ECOM\\routes\\index.js","statementMap":{"0":{"start":{"line":1,"column":14},"end":{"line":1,"column":32}},"1":{"start":{"line":2,"column":13},"end":{"line":2,"column":28}},"2":{"start":{"line":3,"column":20},"end":{"line":3,"column":49}},"3":{"start":{"line":4,"column":20},"end":{"line":4,"column":47}},"4":{"start":{"line":5,"column":18},"end":{"line":5,"column":41}},"5":{"start":{"line":6,"column":18},"end":{"line":6,"column":41}},"6":{"start":{"line":7,"column":13},"end":{"line":7,"column":29}},"7":{"start":{"line":9,"column":0},"end":{"line":12,"column":3}},"8":{"start":{"line":10,"column":2},"end":{"line":10,"column":37}},"9":{"start":{"line":11,"column":2},"end":{"line":11,"column":12}},"10":{"start":{"line":14,"column":0},"end":{"line":14,"column":54}},"11":{"start":{"line":16,"column":0},"end":{"line":16,"column":52}},"12":{"start":{"line":18,"column":0},"end":{"line":18,"column":44}},"13":{"start":{"line":20,"column":0},"end":{"line":20,"column":44}},"14":{"start":{"line":22,"column":0},"end":{"line":22,"column":24}}},"fnMap":{"0":{"name":"(anonymous_0)","decl":{"start":{"line":9,"column":16},"end":{"line":9,"column":17}},"loc":{"start":{"line":9,"column":36},"end":{"line":12,"column":1}},"line":9}},"branchMap":{},"s":{"0":1,"1":1,"2":1,"3":1,"4":1,"5":1,"6":1,"7":1,"8":0,"9":0,"10":1,"11":1,"12":1,"13":1,"14":1},"f":{"0":0},"b":{},"_coverageSchema":"1a1c01bbd47fc00a2c39e90264f33305004495a9","hash":"b69e6b7543382ee79b5f4083e8755cc00992a60f"}
,"E:\\Relevel\\ECOM\\routes\\products.route.js": {"path":"E:\\Relevel\\ECOM\\routes\\products.route.js","statementMap":{"0":{"start":{"line":1,"column":14},"end":{"line":1,"column":32}},"1":{"start":{"line":2,"column":20},"end":{"line":2,"column":36}},"2":{"start":{"line":3,"column":24},"end":{"line":3,"column":69}},"3":{"start":{"line":4,"column":14},"end":{"line":4,"column":49}},"4":{"start":{"line":6,"column":0},"end":{"line":6,"column":80}},"5":{"start":{"line":8,"column":0},"end":{"line":8,"column":67}},"6":{"start":{"line":16,"column":0},"end":{"line":16,"column":58}},"7":{"start":{"line":18,"column":0},"end":{"line":18,"column":31}}},"fnMap":{},"branchMap":{},"s":{"0":1,"1":1,"2":1,"3":1,"4":1,"5":1,"6":1,"7":1},"f":{},"b":{},"_coverageSchema":"1a1c01bbd47fc00a2c39e90264f33305004495a9","hash":"5a4613a02980817733aa3affca1fd061a470f3a7"}
,"E:\\Relevel\\ECOM\\test\\unit\\interceptor.js": {"path":"E:\\Relevel\\ECOM\\test\\unit\\interceptor.js","statementMap":{"0":{"start":{"line":1,"column":0},"end":{"line":21,"column":2}},"1":{"start":{"line":3,"column":20},"end":{"line":3,"column":22}},"2":{"start":{"line":4,"column":8},"end":{"line":4,"column":50}},"3":{"start":{"line":5,"column":8},"end":{"line":5,"column":52}},"4":{"start":{"line":6,"column":8},"end":{"line":6,"column":51}},"5":{"start":{"line":8,"column":8},"end":{"line":8,"column":19}},"6":{"start":{"line":11,"column":20},"end":{"line":11,"column":22}},"7":{"start":{"line":12,"column":8},"end":{"line":12,"column":50}},"8":{"start":{"line":13,"column":8},"end":{"line":13,"column":50}},"9":{"start":{"line":14,"column":8},"end":{"line":14,"column":52}},"10":{"start":{"line":15,"column":8},"end":{"line":15,"column":51}},"11":{"start":{"line":16,"column":8},"end":{"line":16,"column":28}},"12":{"start":{"line":18,"column":8},"end":{"line":18,"column":19}}},"fnMap":{"0":{"name":"(anonymous_0)","decl":{"start":{"line":2,"column":18},"end":{"line":2,"column":19}},"loc":{"start":{"line":2,"column":24},"end":{"line":9,"column":5}},"line":2},"1":{"name":"(anonymous_1)","decl":{"start":{"line":10,"column":19},"end":{"line":10,"column":20}},"loc":{"start":{"line":10,"column":25},"end":{"line":20,"column":5}},"line":10}},"branchMap":{},"s":{"0":2,"1":4,"2":4,"3":4,"4":4,"5":4,"6":4,"7":4,"8":4,"9":4,"10":4,"11":4,"12":4},"f":{"0":4,"1":4},"b":{},"_coverageSchema":"1a1c01bbd47fc00a2c39e90264f33305004495a9","hash":"4d82d3e63c561a11774d8c9dbbd46a5dd31755b8"}
}
